<?xml version="1.0" encoding="UTF-8"?>
<testng-results skipped="0" failed="0" ignored="0" total="1" passed="1">
  <reporter-output>
  </reporter-output>
  <suite name="testCases.TC001_LoginTest" duration-ms="11349" started-at="2020-08-16T20:51:05 CDT" finished-at="2020-08-16T20:51:16 CDT">
    <groups>
    </groups>
    <test name="Command line test" duration-ms="11349" started-at="2020-08-16T20:51:05 CDT" finished-at="2020-08-16T20:51:16 CDT">
      <class name="testCases.TC001_LoginTest">
        <test-method status="PASS" signature="setup()[pri:0, instance:testCases.TC001_LoginTest@39c0f4a]" name="setup" is-config="true" duration-ms="8336" started-at="2020-08-16T20:51:05 CDT" finished-at="2020-08-16T20:51:13 CDT">
          <reporter-output>
          </reporter-output>
        </test-method> <!-- setup -->
        <test-method status="PASS" signature="LoginTest()[pri:0, instance:testCases.TC001_LoginTest@39c0f4a]" name="LoginTest" duration-ms="259" started-at="2020-08-16T20:51:13 CDT" finished-at="2020-08-16T20:51:14 CDT">
          <reporter-output>
          </reporter-output>
        </test-method> <!-- LoginTest -->
        <test-method status="PASS" signature="teardown()[pri:0, instance:testCases.TC001_LoginTest@39c0f4a]" name="teardown" is-config="true" duration-ms="2721" started-at="2020-08-16T20:51:14 CDT" finished-at="2020-08-16T20:51:16 CDT">
          <reporter-output>
          </reporter-output>
        </test-method> <!-- teardown -->
      </class> <!-- testCases.TC001_LoginTest -->
    </test> <!-- Command line test -->
  </suite> <!-- testCases.TC001_LoginTest -->
</testng-results>
