<?xml version="1.0" encoding="UTF-8"?>
<testng-results skipped="0" failed="0" ignored="0" total="1" passed="1">
  <reporter-output>
  </reporter-output>
  <suite name="Functional Testing suite" duration-ms="12686" started-at="2020-08-16T20:14:58 CDT" finished-at="2020-08-16T20:15:11 CDT">
    <groups>
    </groups>
    <test name="Functional test" duration-ms="12686" started-at="2020-08-16T20:14:58 CDT" finished-at="2020-08-16T20:15:11 CDT">
      <class name="testCases.TC001_LoginTest">
        <test-method status="PASS" signature="setup(java.lang.String)[pri:0, instance:testCases.TC001_LoginTest@6737fd8f]" name="setup" is-config="true" duration-ms="9640" started-at="2020-08-16T20:14:58 CDT" finished-at="2020-08-16T20:15:08 CDT">
          <params>
            <param index="0">
              <value>
                <![CDATA[chrome]]>
              </value>
            </param>
          </params>
          <reporter-output>
          </reporter-output>
        </test-method> <!-- setup -->
        <test-method status="PASS" signature="LoginTest()[pri:0, instance:testCases.TC001_LoginTest@6737fd8f]" name="LoginTest" duration-ms="300" started-at="2020-08-16T20:15:08 CDT" finished-at="2020-08-16T20:15:08 CDT">
          <reporter-output>
          </reporter-output>
        </test-method> <!-- LoginTest -->
        <test-method status="PASS" signature="teardown()[pri:0, instance:testCases.TC001_LoginTest@6737fd8f]" name="teardown" is-config="true" duration-ms="2703" started-at="2020-08-16T20:15:08 CDT" finished-at="2020-08-16T20:15:11 CDT">
          <reporter-output>
          </reporter-output>
        </test-method> <!-- teardown -->
      </class> <!-- testCases.TC001_LoginTest -->
    </test> <!-- Functional test -->
  </suite> <!-- Functional Testing suite -->
</testng-results>
